{"/home/guilherme/Teste-vaga-back-end/Test-nodejs/config/config.js": {"path":"/home/guilherme/Teste-vaga-back-end/Test-nodejs/config/config.js","statementMap":{"0":{"start":{"line":1,"column":0},"end":{"line":1,"column":27}},"1":{"start":{"line":3,"column":0},"end":{"line":28,"column":2}}},"fnMap":{},"branchMap":{},"s":{"0":3,"1":3},"f":{},"b":{},"_coverageSchema":"1a1c01bbd47fc00a2c39e90264f33305004495a9","hash":"52b5c815004b765537b79f7e0a3d3be7fd3c4d5c"}
,"/home/guilherme/Teste-vaga-back-end/Test-nodejs/controllers/userController.js": {"path":"/home/guilherme/Teste-vaga-back-end/Test-nodejs/controllers/userController.js","statementMap":{"0":{"start":{"line":1,"column":13},"end":{"line":1,"column":47}},"1":{"start":{"line":2,"column":23},"end":{"line":2,"column":65}},"2":{"start":{"line":4,"column":30},"end":{"line":8,"column":1}},"3":{"start":{"line":5,"column":39},"end":{"line":5,"column":45}},"4":{"start":{"line":6,"column":2},"end":{"line":6,"column":25}},"5":{"start":{"line":7,"column":2},"end":{"line":7,"column":32}},"6":{"start":{"line":10,"column":15},"end":{"line":23,"column":1}},"7":{"start":{"line":11,"column":2},"end":{"line":22,"column":3}},"8":{"start":{"line":12,"column":19},"end":{"line":12,"column":38}},"9":{"start":{"line":13,"column":4},"end":{"line":13,"column":39}},"10":{"start":{"line":14,"column":4},"end":{"line":14,"column":28}},"11":{"start":{"line":16,"column":4},"end":{"line":16,"column":45}},"12":{"start":{"line":17,"column":4},"end":{"line":21,"column":7}},"13":{"start":{"line":25,"column":17},"end":{"line":40,"column":1}},"14":{"start":{"line":26,"column":2},"end":{"line":39,"column":3}},"15":{"start":{"line":27,"column":19},"end":{"line":27,"column":29}},"16":{"start":{"line":28,"column":19},"end":{"line":28,"column":42}},"17":{"start":{"line":29,"column":4},"end":{"line":29,"column":71}},"18":{"start":{"line":29,"column":29},"end":{"line":29,"column":71}},"19":{"start":{"line":30,"column":4},"end":{"line":30,"column":39}},"20":{"start":{"line":31,"column":4},"end":{"line":31,"column":28}},"21":{"start":{"line":33,"column":4},"end":{"line":33,"column":45}},"22":{"start":{"line":34,"column":4},"end":{"line":38,"column":7}},"23":{"start":{"line":42,"column":19},"end":{"line":56,"column":1}},"24":{"start":{"line":43,"column":2},"end":{"line":55,"column":3}},"25":{"start":{"line":44,"column":19},"end":{"line":44,"column":29}},"26":{"start":{"line":45,"column":19},"end":{"line":45,"column":44}},"27":{"start":{"line":46,"column":4},"end":{"line":46,"column":71}},"28":{"start":{"line":46,"column":29},"end":{"line":46,"column":71}},"29":{"start":{"line":47,"column":4},"end":{"line":47,"column":52}},"30":{"start":{"line":49,"column":4},"end":{"line":49,"column":45}},"31":{"start":{"line":50,"column":4},"end":{"line":54,"column":7}},"32":{"start":{"line":58,"column":23},"end":{"line":73,"column":1}},"33":{"start":{"line":59,"column":2},"end":{"line":72,"column":3}},"34":{"start":{"line":60,"column":18},"end":{"line":60,"column":27}},"35":{"start":{"line":61,"column":19},"end":{"line":61,"column":47}},"36":{"start":{"line":62,"column":4},"end":{"line":62,"column":71}},"37":{"start":{"line":62,"column":29},"end":{"line":62,"column":71}},"38":{"start":{"line":63,"column":4},"end":{"line":63,"column":39}},"39":{"start":{"line":64,"column":4},"end":{"line":64,"column":28}},"40":{"start":{"line":66,"column":4},"end":{"line":66,"column":45}},"41":{"start":{"line":67,"column":4},"end":{"line":71,"column":7}},"42":{"start":{"line":75,"column":23},"end":{"line":91,"column":1}},"43":{"start":{"line":76,"column":2},"end":{"line":90,"column":3}},"44":{"start":{"line":77,"column":25},"end":{"line":77,"column":33}},"45":{"start":{"line":78,"column":19},"end":{"line":78,"column":29}},"46":{"start":{"line":79,"column":19},"end":{"line":79,"column":58}},"47":{"start":{"line":80,"column":4},"end":{"line":80,"column":71}},"48":{"start":{"line":80,"column":29},"end":{"line":80,"column":71}},"49":{"start":{"line":81,"column":4},"end":{"line":81,"column":38}},"50":{"start":{"line":82,"column":4},"end":{"line":82,"column":28}},"51":{"start":{"line":84,"column":4},"end":{"line":84,"column":45}},"52":{"start":{"line":85,"column":4},"end":{"line":89,"column":7}},"53":{"start":{"line":93,"column":33},"end":{"line":109,"column":1}},"54":{"start":{"line":94,"column":2},"end":{"line":108,"column":3}},"55":{"start":{"line":95,"column":34},"end":{"line":95,"column":42}},"56":{"start":{"line":96,"column":19},"end":{"line":96,"column":29}},"57":{"start":{"line":97,"column":19},"end":{"line":97,"column":77}},"58":{"start":{"line":98,"column":4},"end":{"line":98,"column":71}},"59":{"start":{"line":98,"column":29},"end":{"line":98,"column":71}},"60":{"start":{"line":99,"column":4},"end":{"line":99,"column":38}},"61":{"start":{"line":100,"column":4},"end":{"line":100,"column":28}},"62":{"start":{"line":102,"column":4},"end":{"line":102,"column":45}},"63":{"start":{"line":103,"column":4},"end":{"line":107,"column":7}},"64":{"start":{"line":111,"column":29},"end":{"line":126,"column":1}},"65":{"start":{"line":112,"column":2},"end":{"line":125,"column":3}},"66":{"start":{"line":113,"column":18},"end":{"line":113,"column":27}},"67":{"start":{"line":114,"column":19},"end":{"line":114,"column":53}},"68":{"start":{"line":115,"column":4},"end":{"line":115,"column":71}},"69":{"start":{"line":115,"column":29},"end":{"line":115,"column":71}},"70":{"start":{"line":116,"column":4},"end":{"line":116,"column":39}},"71":{"start":{"line":117,"column":4},"end":{"line":117,"column":28}},"72":{"start":{"line":119,"column":4},"end":{"line":119,"column":45}},"73":{"start":{"line":120,"column":4},"end":{"line":124,"column":7}},"74":{"start":{"line":128,"column":19},"end":{"line":141,"column":1}},"75":{"start":{"line":129,"column":2},"end":{"line":140,"column":3}},"76":{"start":{"line":130,"column":19},"end":{"line":130,"column":50}},"77":{"start":{"line":131,"column":4},"end":{"line":131,"column":38}},"78":{"start":{"line":132,"column":4},"end":{"line":132,"column":28}},"79":{"start":{"line":134,"column":4},"end":{"line":134,"column":45}},"80":{"start":{"line":135,"column":4},"end":{"line":139,"column":7}},"81":{"start":{"line":143,"column":0},"end":{"line":152,"column":2}}},"fnMap":{"0":{"name":"(anonymous_0)","decl":{"start":{"line":4,"column":30},"end":{"line":4,"column":31}},"loc":{"start":{"line":4,"column":47},"end":{"line":8,"column":1}},"line":4},"1":{"name":"(anonymous_1)","decl":{"start":{"line":10,"column":15},"end":{"line":10,"column":16}},"loc":{"start":{"line":10,"column":36},"end":{"line":23,"column":1}},"line":10},"2":{"name":"(anonymous_2)","decl":{"start":{"line":25,"column":17},"end":{"line":25,"column":18}},"loc":{"start":{"line":25,"column":37},"end":{"line":40,"column":1}},"line":25},"3":{"name":"(anonymous_3)","decl":{"start":{"line":42,"column":19},"end":{"line":42,"column":20}},"loc":{"start":{"line":42,"column":39},"end":{"line":56,"column":1}},"line":42},"4":{"name":"(anonymous_4)","decl":{"start":{"line":58,"column":23},"end":{"line":58,"column":24}},"loc":{"start":{"line":58,"column":43},"end":{"line":73,"column":1}},"line":58},"5":{"name":"(anonymous_5)","decl":{"start":{"line":75,"column":23},"end":{"line":75,"column":24}},"loc":{"start":{"line":75,"column":43},"end":{"line":91,"column":1}},"line":75},"6":{"name":"(anonymous_6)","decl":{"start":{"line":93,"column":33},"end":{"line":93,"column":34}},"loc":{"start":{"line":93,"column":53},"end":{"line":109,"column":1}},"line":93},"7":{"name":"(anonymous_7)","decl":{"start":{"line":111,"column":29},"end":{"line":111,"column":30}},"loc":{"start":{"line":111,"column":49},"end":{"line":126,"column":1}},"line":111},"8":{"name":"(anonymous_8)","decl":{"start":{"line":128,"column":19},"end":{"line":128,"column":20}},"loc":{"start":{"line":128,"column":39},"end":{"line":141,"column":1}},"line":128}},"branchMap":{"0":{"loc":{"start":{"line":29,"column":4},"end":{"line":29,"column":71}},"type":"if","locations":[{"start":{"line":29,"column":4},"end":{"line":29,"column":71}},{"start":{"line":29,"column":4},"end":{"line":29,"column":71}}],"line":29},"1":{"loc":{"start":{"line":46,"column":4},"end":{"line":46,"column":71}},"type":"if","locations":[{"start":{"line":46,"column":4},"end":{"line":46,"column":71}},{"start":{"line":46,"column":4},"end":{"line":46,"column":71}}],"line":46},"2":{"loc":{"start":{"line":62,"column":4},"end":{"line":62,"column":71}},"type":"if","locations":[{"start":{"line":62,"column":4},"end":{"line":62,"column":71}},{"start":{"line":62,"column":4},"end":{"line":62,"column":71}}],"line":62},"3":{"loc":{"start":{"line":80,"column":4},"end":{"line":80,"column":71}},"type":"if","locations":[{"start":{"line":80,"column":4},"end":{"line":80,"column":71}},{"start":{"line":80,"column":4},"end":{"line":80,"column":71}}],"line":80},"4":{"loc":{"start":{"line":98,"column":4},"end":{"line":98,"column":71}},"type":"if","locations":[{"start":{"line":98,"column":4},"end":{"line":98,"column":71}},{"start":{"line":98,"column":4},"end":{"line":98,"column":71}}],"line":98},"5":{"loc":{"start":{"line":115,"column":4},"end":{"line":115,"column":71}},"type":"if","locations":[{"start":{"line":115,"column":4},"end":{"line":115,"column":71}},{"start":{"line":115,"column":4},"end":{"line":115,"column":71}}],"line":115}},"s":{"0":1,"1":1,"2":1,"3":5,"4":5,"5":5,"6":1,"7":2,"8":2,"9":1,"10":1,"11":1,"12":1,"13":1,"14":3,"15":3,"16":3,"17":2,"18":1,"19":1,"20":1,"21":1,"22":1,"23":1,"24":3,"25":3,"26":3,"27":2,"28":1,"29":1,"30":2,"31":2,"32":1,"33":3,"34":3,"35":3,"36":2,"37":1,"38":1,"39":1,"40":1,"41":1,"42":1,"43":0,"44":0,"45":0,"46":0,"47":0,"48":0,"49":0,"50":0,"51":0,"52":0,"53":1,"54":3,"55":3,"56":3,"57":3,"58":2,"59":1,"60":1,"61":1,"62":1,"63":1,"64":1,"65":3,"66":3,"67":3,"68":2,"69":1,"70":1,"71":1,"72":1,"73":1,"74":1,"75":2,"76":2,"77":1,"78":1,"79":1,"80":1,"81":1},"f":{"0":5,"1":2,"2":3,"3":3,"4":3,"5":0,"6":3,"7":3,"8":2},"b":{"0":[1,1],"1":[1,1],"2":[1,1],"3":[0,0],"4":[1,1],"5":[1,1]},"_coverageSchema":"1a1c01bbd47fc00a2c39e90264f33305004495a9","hash":"9fba77f544de08e674d3ec05ab01ac48275bf126"}
,"/home/guilherme/Teste-vaga-back-end/Test-nodejs/middlewares/userMiddleware.js": {"path":"/home/guilherme/Teste-vaga-back-end/Test-nodejs/middlewares/userMiddleware.js","statementMap":{"0":{"start":{"line":1,"column":13},"end":{"line":1,"column":47}},"1":{"start":{"line":8,"column":4},"end":{"line":8,"column":46}},"2":{"start":{"line":10,"column":37},"end":{"line":19,"column":1}},"3":{"start":{"line":11,"column":23},"end":{"line":11,"column":31}},"4":{"start":{"line":12,"column":16},"end":{"line":12,"column":51}},"5":{"start":{"line":13,"column":39},"end":{"line":13,"column":53}},"6":{"start":{"line":14,"column":2},"end":{"line":17,"column":3}},"7":{"start":{"line":15,"column":4},"end":{"line":15,"column":26}},"8":{"start":{"line":16,"column":4},"end":{"line":16,"column":34}},"9":{"start":{"line":18,"column":2},"end":{"line":18,"column":16}},"10":{"start":{"line":21,"column":36},"end":{"line":29,"column":1}},"11":{"start":{"line":22,"column":23},"end":{"line":22,"column":31}},"12":{"start":{"line":23,"column":39},"end":{"line":23,"column":54}},"13":{"start":{"line":24,"column":2},"end":{"line":27,"column":3}},"14":{"start":{"line":25,"column":4},"end":{"line":25,"column":26}},"15":{"start":{"line":26,"column":4},"end":{"line":26,"column":34}},"16":{"start":{"line":28,"column":2},"end":{"line":28,"column":16}},"17":{"start":{"line":31,"column":31},"end":{"line":40,"column":1}},"18":{"start":{"line":32,"column":18},"end":{"line":32,"column":26}},"19":{"start":{"line":33,"column":2},"end":{"line":33,"column":26}},"20":{"start":{"line":33,"column":12},"end":{"line":33,"column":26}},"21":{"start":{"line":34,"column":39},"end":{"line":34,"column":53}},"22":{"start":{"line":35,"column":2},"end":{"line":38,"column":3}},"23":{"start":{"line":36,"column":4},"end":{"line":36,"column":26}},"24":{"start":{"line":37,"column":4},"end":{"line":37,"column":34}},"25":{"start":{"line":39,"column":2},"end":{"line":39,"column":16}},"26":{"start":{"line":42,"column":32},"end":{"line":55,"column":1}},"27":{"start":{"line":43,"column":23},"end":{"line":43,"column":31}},"28":{"start":{"line":44,"column":2},"end":{"line":48,"column":3}},"29":{"start":{"line":45,"column":31},"end":{"line":45,"column":52}},"30":{"start":{"line":46,"column":4},"end":{"line":46,"column":45}},"31":{"start":{"line":47,"column":4},"end":{"line":47,"column":53}},"32":{"start":{"line":49,"column":2},"end":{"line":53,"column":3}},"33":{"start":{"line":50,"column":35},"end":{"line":50,"column":59}},"34":{"start":{"line":51,"column":4},"end":{"line":51,"column":49}},"35":{"start":{"line":52,"column":4},"end":{"line":52,"column":57}},"36":{"start":{"line":54,"column":2},"end":{"line":54,"column":16}},"37":{"start":{"line":57,"column":28},"end":{"line":70,"column":1}},"38":{"start":{"line":58,"column":19},"end":{"line":58,"column":27}},"39":{"start":{"line":59,"column":2},"end":{"line":63,"column":3}},"40":{"start":{"line":60,"column":31},"end":{"line":60,"column":48}},"41":{"start":{"line":61,"column":4},"end":{"line":61,"column":45}},"42":{"start":{"line":62,"column":4},"end":{"line":62,"column":53}},"43":{"start":{"line":64,"column":2},"end":{"line":68,"column":3}},"44":{"start":{"line":65,"column":35},"end":{"line":65,"column":55}},"45":{"start":{"line":66,"column":4},"end":{"line":66,"column":49}},"46":{"start":{"line":67,"column":4},"end":{"line":67,"column":57}},"47":{"start":{"line":69,"column":2},"end":{"line":69,"column":16}},"48":{"start":{"line":72,"column":32},"end":{"line":85,"column":1}},"49":{"start":{"line":73,"column":23},"end":{"line":73,"column":31}},"50":{"start":{"line":74,"column":2},"end":{"line":78,"column":3}},"51":{"start":{"line":75,"column":25},"end":{"line":75,"column":46}},"52":{"start":{"line":76,"column":4},"end":{"line":76,"column":39}},"53":{"start":{"line":77,"column":4},"end":{"line":77,"column":47}},"54":{"start":{"line":79,"column":2},"end":{"line":83,"column":3}},"55":{"start":{"line":80,"column":35},"end":{"line":80,"column":59}},"56":{"start":{"line":81,"column":4},"end":{"line":81,"column":49}},"57":{"start":{"line":82,"column":4},"end":{"line":82,"column":57}},"58":{"start":{"line":84,"column":2},"end":{"line":84,"column":16}},"59":{"start":{"line":87,"column":30},"end":{"line":100,"column":1}},"60":{"start":{"line":88,"column":22},"end":{"line":88,"column":30}},"61":{"start":{"line":89,"column":2},"end":{"line":93,"column":3}},"62":{"start":{"line":90,"column":25},"end":{"line":90,"column":45}},"63":{"start":{"line":91,"column":4},"end":{"line":91,"column":39}},"64":{"start":{"line":92,"column":4},"end":{"line":92,"column":47}},"65":{"start":{"line":94,"column":2},"end":{"line":98,"column":3}},"66":{"start":{"line":95,"column":35},"end":{"line":95,"column":58}},"67":{"start":{"line":96,"column":4},"end":{"line":96,"column":49}},"68":{"start":{"line":97,"column":4},"end":{"line":97,"column":57}},"69":{"start":{"line":99,"column":2},"end":{"line":99,"column":16}},"70":{"start":{"line":102,"column":0},"end":{"line":110,"column":2}}},"fnMap":{"0":{"name":"(anonymous_0)","decl":{"start":{"line":10,"column":37},"end":{"line":10,"column":38}},"loc":{"start":{"line":10,"column":63},"end":{"line":19,"column":1}},"line":10},"1":{"name":"(anonymous_1)","decl":{"start":{"line":21,"column":36},"end":{"line":21,"column":37}},"loc":{"start":{"line":21,"column":56},"end":{"line":29,"column":1}},"line":21},"2":{"name":"(anonymous_2)","decl":{"start":{"line":31,"column":31},"end":{"line":31,"column":32}},"loc":{"start":{"line":31,"column":51},"end":{"line":40,"column":1}},"line":31},"3":{"name":"(anonymous_3)","decl":{"start":{"line":42,"column":32},"end":{"line":42,"column":33}},"loc":{"start":{"line":42,"column":52},"end":{"line":55,"column":1}},"line":42},"4":{"name":"(anonymous_4)","decl":{"start":{"line":57,"column":28},"end":{"line":57,"column":29}},"loc":{"start":{"line":57,"column":48},"end":{"line":70,"column":1}},"line":57},"5":{"name":"(anonymous_5)","decl":{"start":{"line":72,"column":32},"end":{"line":72,"column":33}},"loc":{"start":{"line":72,"column":52},"end":{"line":85,"column":1}},"line":72},"6":{"name":"(anonymous_6)","decl":{"start":{"line":87,"column":30},"end":{"line":87,"column":31}},"loc":{"start":{"line":87,"column":50},"end":{"line":100,"column":1}},"line":87}},"branchMap":{"0":{"loc":{"start":{"line":14,"column":2},"end":{"line":17,"column":3}},"type":"if","locations":[{"start":{"line":14,"column":2},"end":{"line":17,"column":3}},{"start":{"line":14,"column":2},"end":{"line":17,"column":3}}],"line":14},"1":{"loc":{"start":{"line":24,"column":2},"end":{"line":27,"column":3}},"type":"if","locations":[{"start":{"line":24,"column":2},"end":{"line":27,"column":3}},{"start":{"line":24,"column":2},"end":{"line":27,"column":3}}],"line":24},"2":{"loc":{"start":{"line":33,"column":2},"end":{"line":33,"column":26}},"type":"if","locations":[{"start":{"line":33,"column":2},"end":{"line":33,"column":26}},{"start":{"line":33,"column":2},"end":{"line":33,"column":26}}],"line":33},"3":{"loc":{"start":{"line":35,"column":2},"end":{"line":38,"column":3}},"type":"if","locations":[{"start":{"line":35,"column":2},"end":{"line":38,"column":3}},{"start":{"line":35,"column":2},"end":{"line":38,"column":3}}],"line":35},"4":{"loc":{"start":{"line":44,"column":2},"end":{"line":48,"column":3}},"type":"if","locations":[{"start":{"line":44,"column":2},"end":{"line":48,"column":3}},{"start":{"line":44,"column":2},"end":{"line":48,"column":3}}],"line":44},"5":{"loc":{"start":{"line":49,"column":2},"end":{"line":53,"column":3}},"type":"if","locations":[{"start":{"line":49,"column":2},"end":{"line":53,"column":3}},{"start":{"line":49,"column":2},"end":{"line":53,"column":3}}],"line":49},"6":{"loc":{"start":{"line":59,"column":2},"end":{"line":63,"column":3}},"type":"if","locations":[{"start":{"line":59,"column":2},"end":{"line":63,"column":3}},{"start":{"line":59,"column":2},"end":{"line":63,"column":3}}],"line":59},"7":{"loc":{"start":{"line":64,"column":2},"end":{"line":68,"column":3}},"type":"if","locations":[{"start":{"line":64,"column":2},"end":{"line":68,"column":3}},{"start":{"line":64,"column":2},"end":{"line":68,"column":3}}],"line":64},"8":{"loc":{"start":{"line":74,"column":2},"end":{"line":78,"column":3}},"type":"if","locations":[{"start":{"line":74,"column":2},"end":{"line":78,"column":3}},{"start":{"line":74,"column":2},"end":{"line":78,"column":3}}],"line":74},"9":{"loc":{"start":{"line":79,"column":2},"end":{"line":83,"column":3}},"type":"if","locations":[{"start":{"line":79,"column":2},"end":{"line":83,"column":3}},{"start":{"line":79,"column":2},"end":{"line":83,"column":3}}],"line":79},"10":{"loc":{"start":{"line":89,"column":2},"end":{"line":93,"column":3}},"type":"if","locations":[{"start":{"line":89,"column":2},"end":{"line":93,"column":3}},{"start":{"line":89,"column":2},"end":{"line":93,"column":3}}],"line":89},"11":{"loc":{"start":{"line":94,"column":2},"end":{"line":98,"column":3}},"type":"if","locations":[{"start":{"line":94,"column":2},"end":{"line":98,"column":3}},{"start":{"line":94,"column":2},"end":{"line":98,"column":3}}],"line":94}},"s":{"0":1,"1":1,"2":1,"3":2,"4":2,"5":2,"6":2,"7":1,"8":1,"9":1,"10":1,"11":2,"12":2,"13":2,"14":1,"15":1,"16":1,"17":1,"18":3,"19":3,"20":1,"21":2,"22":2,"23":1,"24":1,"25":1,"26":1,"27":3,"28":3,"29":1,"30":1,"31":1,"32":2,"33":1,"34":1,"35":1,"36":1,"37":1,"38":3,"39":3,"40":1,"41":1,"42":1,"43":2,"44":1,"45":1,"46":1,"47":1,"48":1,"49":3,"50":3,"51":1,"52":1,"53":1,"54":2,"55":1,"56":1,"57":1,"58":1,"59":1,"60":3,"61":3,"62":1,"63":1,"64":1,"65":2,"66":1,"67":1,"68":1,"69":1,"70":1},"f":{"0":2,"1":2,"2":3,"3":3,"4":3,"5":3,"6":3},"b":{"0":[1,1],"1":[1,1],"2":[1,2],"3":[1,1],"4":[1,2],"5":[1,1],"6":[1,2],"7":[1,1],"8":[1,2],"9":[1,1],"10":[1,2],"11":[1,1]},"_coverageSchema":"1a1c01bbd47fc00a2c39e90264f33305004495a9","hash":"85aa6994c3ea33896c6152430cb1eba964037f64"}
,"/home/guilherme/Teste-vaga-back-end/Test-nodejs/models/index.js": {"path":"/home/guilherme/Teste-vaga-back-end/Test-nodejs/models/index.js","statementMap":{"0":{"start":{"line":1,"column":11},"end":{"line":1,"column":24}},"1":{"start":{"line":2,"column":13},"end":{"line":2,"column":28}},"2":{"start":{"line":3,"column":18},"end":{"line":3,"column":38}},"3":{"start":{"line":5,"column":17},"end":{"line":5,"column":42}},"4":{"start":{"line":6,"column":12},"end":{"line":6,"column":49}},"5":{"start":{"line":7,"column":15},"end":{"line":7,"column":63}},"6":{"start":{"line":8,"column":11},"end":{"line":8,"column":13}},"7":{"start":{"line":11,"column":0},"end":{"line":15,"column":1}},"8":{"start":{"line":12,"column":2},"end":{"line":12,"column":74}},"9":{"start":{"line":14,"column":2},"end":{"line":14,"column":87}},"10":{"start":{"line":17,"column":0},"end":{"line":23,"column":5}},"11":{"start":{"line":19,"column":20},"end":{"line":19,"column":98}},"12":{"start":{"line":21,"column":18},"end":{"line":21,"column":85}},"13":{"start":{"line":22,"column":4},"end":{"line":22,"column":27}},"14":{"start":{"line":25,"column":0},"end":{"line":29,"column":3}},"15":{"start":{"line":26,"column":2},"end":{"line":28,"column":3}},"16":{"start":{"line":27,"column":4},"end":{"line":27,"column":32}},"17":{"start":{"line":31,"column":0},"end":{"line":31,"column":25}},"18":{"start":{"line":32,"column":0},"end":{"line":32,"column":25}},"19":{"start":{"line":34,"column":0},"end":{"line":34,"column":20}}},"fnMap":{"0":{"name":"(anonymous_0)","decl":{"start":{"line":19,"column":10},"end":{"line":19,"column":11}},"loc":{"start":{"line":19,"column":20},"end":{"line":19,"column":98}},"line":19},"1":{"name":"(anonymous_1)","decl":{"start":{"line":20,"column":11},"end":{"line":20,"column":12}},"loc":{"start":{"line":20,"column":21},"end":{"line":23,"column":3}},"line":20},"2":{"name":"(anonymous_2)","decl":{"start":{"line":25,"column":24},"end":{"line":25,"column":25}},"loc":{"start":{"line":25,"column":39},"end":{"line":29,"column":1}},"line":25}},"branchMap":{"0":{"loc":{"start":{"line":6,"column":12},"end":{"line":6,"column":49}},"type":"binary-expr","locations":[{"start":{"line":6,"column":12},"end":{"line":6,"column":32}},{"start":{"line":6,"column":36},"end":{"line":6,"column":49}}],"line":6},"1":{"loc":{"start":{"line":11,"column":0},"end":{"line":15,"column":1}},"type":"if","locations":[{"start":{"line":11,"column":0},"end":{"line":15,"column":1}},{"start":{"line":11,"column":0},"end":{"line":15,"column":1}}],"line":11},"2":{"loc":{"start":{"line":19,"column":20},"end":{"line":19,"column":98}},"type":"binary-expr","locations":[{"start":{"line":19,"column":21},"end":{"line":19,"column":44}},{"start":{"line":19,"column":50},"end":{"line":19,"column":67}},{"start":{"line":19,"column":73},"end":{"line":19,"column":97}}],"line":19},"3":{"loc":{"start":{"line":26,"column":2},"end":{"line":28,"column":3}},"type":"if","locations":[{"start":{"line":26,"column":2},"end":{"line":28,"column":3}},{"start":{"line":26,"column":2},"end":{"line":28,"column":3}}],"line":26}},"s":{"0":3,"1":3,"2":3,"3":3,"4":3,"5":3,"6":3,"7":3,"8":0,"9":3,"10":3,"11":6,"12":3,"13":3,"14":3,"15":3,"16":0,"17":3,"18":3,"19":3},"f":{"0":6,"1":3,"2":3},"b":{"0":[3,0],"1":[0,3],"2":[6,6,3],"3":[0,3]},"_coverageSchema":"1a1c01bbd47fc00a2c39e90264f33305004495a9","hash":"8204e0f4c525bbd87e7b0a639e3f5555b0b2a427"}
,"/home/guilherme/Teste-vaga-back-end/Test-nodejs/models/users.js": {"path":"/home/guilherme/Teste-vaga-back-end/Test-nodejs/models/users.js","statementMap":{"0":{"start":{"line":1,"column":0},"end":{"line":10,"column":2}},"1":{"start":{"line":2,"column":16},"end":{"line":8,"column":4}},"2":{"start":{"line":9,"column":2},"end":{"line":9,"column":15}}},"fnMap":{"0":{"name":"(anonymous_0)","decl":{"start":{"line":1,"column":17},"end":{"line":1,"column":18}},"loc":{"start":{"line":1,"column":43},"end":{"line":10,"column":1}},"line":1}},"branchMap":{},"s":{"0":3,"1":3,"2":3},"f":{"0":3},"b":{},"_coverageSchema":"1a1c01bbd47fc00a2c39e90264f33305004495a9","hash":"1294bda5b5d468f853073241fce261c453f4dc34"}
,"/home/guilherme/Teste-vaga-back-end/Test-nodejs/services/userService.js": {"path":"/home/guilherme/Teste-vaga-back-end/Test-nodejs/services/userService.js","statementMap":{"0":{"start":{"line":1,"column":15},"end":{"line":1,"column":35}},"1":{"start":{"line":2,"column":17},"end":{"line":2,"column":37}},"2":{"start":{"line":3,"column":23},"end":{"line":3,"column":65}},"3":{"start":{"line":5,"column":15},"end":{"line":8,"column":1}},"4":{"start":{"line":6,"column":16},"end":{"line":6,"column":36}},"5":{"start":{"line":7,"column":2},"end":{"line":7,"column":15}},"6":{"start":{"line":10,"column":17},"end":{"line":14,"column":1}},"7":{"start":{"line":11,"column":15},"end":{"line":11,"column":38}},"8":{"start":{"line":12,"column":2},"end":{"line":12,"column":48}},"9":{"start":{"line":12,"column":13},"end":{"line":12,"column":48}},"10":{"start":{"line":13,"column":2},"end":{"line":13,"column":14}},"11":{"start":{"line":16,"column":19},"end":{"line":21,"column":1}},"12":{"start":{"line":17,"column":26},"end":{"line":17,"column":44}},"13":{"start":{"line":18,"column":2},"end":{"line":18,"column":71}},"14":{"start":{"line":18,"column":36},"end":{"line":18,"column":71}},"15":{"start":{"line":19,"column":2},"end":{"line":19,"column":40}},"16":{"start":{"line":20,"column":2},"end":{"line":20,"column":14}},"17":{"start":{"line":23,"column":23},"end":{"line":34,"column":1}},"18":{"start":{"line":24,"column":15},"end":{"line":26,"column":4}},"19":{"start":{"line":27,"column":2},"end":{"line":27,"column":53}},"20":{"start":{"line":27,"column":13},"end":{"line":27,"column":53}},"21":{"start":{"line":29,"column":2},"end":{"line":33,"column":4}},"22":{"start":{"line":36,"column":23},"end":{"line":44,"column":1}},"23":{"start":{"line":37,"column":23},"end":{"line":40,"column":3}},"24":{"start":{"line":41,"column":2},"end":{"line":41,"column":54}},"25":{"start":{"line":41,"column":19},"end":{"line":41,"column":54}},"26":{"start":{"line":42,"column":17},"end":{"line":42,"column":40}},"27":{"start":{"line":43,"column":2},"end":{"line":43,"column":16}},"28":{"start":{"line":46,"column":33},"end":{"line":57,"column":1}},"29":{"start":{"line":47,"column":23},"end":{"line":52,"column":4}},"30":{"start":{"line":54,"column":2},"end":{"line":54,"column":54}},"31":{"start":{"line":54,"column":19},"end":{"line":54,"column":54}},"32":{"start":{"line":55,"column":17},"end":{"line":55,"column":40}},"33":{"start":{"line":56,"column":2},"end":{"line":56,"column":16}},"34":{"start":{"line":59,"column":29},"end":{"line":70,"column":1}},"35":{"start":{"line":60,"column":17},"end":{"line":67,"column":4}},"36":{"start":{"line":68,"column":2},"end":{"line":68,"column":62}},"37":{"start":{"line":68,"column":27},"end":{"line":68,"column":62}},"38":{"start":{"line":69,"column":2},"end":{"line":69,"column":16}},"39":{"start":{"line":72,"column":19},"end":{"line":75,"column":1}},"40":{"start":{"line":73,"column":17},"end":{"line":73,"column":43}},"41":{"start":{"line":74,"column":2},"end":{"line":74,"column":16}},"42":{"start":{"line":77,"column":0},"end":{"line":86,"column":2}}},"fnMap":{"0":{"name":"(anonymous_0)","decl":{"start":{"line":5,"column":15},"end":{"line":5,"column":16}},"loc":{"start":{"line":5,"column":27},"end":{"line":8,"column":1}},"line":5},"1":{"name":"(anonymous_1)","decl":{"start":{"line":10,"column":17},"end":{"line":10,"column":18}},"loc":{"start":{"line":10,"column":31},"end":{"line":14,"column":1}},"line":10},"2":{"name":"(anonymous_2)","decl":{"start":{"line":16,"column":19},"end":{"line":16,"column":20}},"loc":{"start":{"line":16,"column":33},"end":{"line":21,"column":1}},"line":16},"3":{"name":"(anonymous_3)","decl":{"start":{"line":23,"column":23},"end":{"line":23,"column":24}},"loc":{"start":{"line":23,"column":43},"end":{"line":34,"column":1}},"line":23},"4":{"name":"(anonymous_4)","decl":{"start":{"line":36,"column":23},"end":{"line":36,"column":24}},"loc":{"start":{"line":36,"column":47},"end":{"line":44,"column":1}},"line":36},"5":{"name":"(anonymous_5)","decl":{"start":{"line":46,"column":33},"end":{"line":46,"column":34}},"loc":{"start":{"line":46,"column":66},"end":{"line":57,"column":1}},"line":46},"6":{"name":"(anonymous_6)","decl":{"start":{"line":59,"column":29},"end":{"line":59,"column":30}},"loc":{"start":{"line":59,"column":47},"end":{"line":70,"column":1}},"line":59},"7":{"name":"(anonymous_7)","decl":{"start":{"line":72,"column":19},"end":{"line":72,"column":20}},"loc":{"start":{"line":72,"column":38},"end":{"line":75,"column":1}},"line":72}},"branchMap":{"0":{"loc":{"start":{"line":12,"column":2},"end":{"line":12,"column":48}},"type":"if","locations":[{"start":{"line":12,"column":2},"end":{"line":12,"column":48}},{"start":{"line":12,"column":2},"end":{"line":12,"column":48}}],"line":12},"1":{"loc":{"start":{"line":18,"column":2},"end":{"line":18,"column":71}},"type":"if","locations":[{"start":{"line":18,"column":2},"end":{"line":18,"column":71}},{"start":{"line":18,"column":2},"end":{"line":18,"column":71}}],"line":18},"2":{"loc":{"start":{"line":27,"column":2},"end":{"line":27,"column":53}},"type":"if","locations":[{"start":{"line":27,"column":2},"end":{"line":27,"column":53}},{"start":{"line":27,"column":2},"end":{"line":27,"column":53}}],"line":27},"3":{"loc":{"start":{"line":41,"column":2},"end":{"line":41,"column":54}},"type":"if","locations":[{"start":{"line":41,"column":2},"end":{"line":41,"column":54}},{"start":{"line":41,"column":2},"end":{"line":41,"column":54}}],"line":41},"4":{"loc":{"start":{"line":54,"column":2},"end":{"line":54,"column":54}},"type":"if","locations":[{"start":{"line":54,"column":2},"end":{"line":54,"column":54}},{"start":{"line":54,"column":2},"end":{"line":54,"column":54}}],"line":54},"5":{"loc":{"start":{"line":68,"column":2},"end":{"line":68,"column":62}},"type":"if","locations":[{"start":{"line":68,"column":2},"end":{"line":68,"column":62}},{"start":{"line":68,"column":2},"end":{"line":68,"column":62}}],"line":68}},"s":{"0":3,"1":3,"2":3,"3":3,"4":1,"5":1,"6":3,"7":6,"8":6,"9":2,"10":4,"11":3,"12":3,"13":3,"14":1,"15":2,"16":2,"17":3,"18":3,"19":3,"20":1,"21":2,"22":3,"23":2,"24":2,"25":1,"26":1,"27":1,"28":3,"29":2,"30":2,"31":1,"32":1,"33":1,"34":3,"35":3,"36":3,"37":1,"38":2,"39":3,"40":1,"41":1,"42":3},"f":{"0":1,"1":6,"2":3,"3":3,"4":2,"5":2,"6":3,"7":1},"b":{"0":[2,4],"1":[1,2],"2":[1,2],"3":[1,1],"4":[1,1],"5":[1,2]},"_coverageSchema":"1a1c01bbd47fc00a2c39e90264f33305004495a9","hash":"02db0e60ff9b51c88b191b99214d1a7a78146a72"}
,"/home/guilherme/Teste-vaga-back-end/Test-nodejs/tests/config/dataTest.js": {"path":"/home/guilherme/Teste-vaga-back-end/Test-nodejs/tests/config/dataTest.js","statementMap":{"0":{"start":{"line":1,"column":17},"end":{"line":16,"column":1}},"1":{"start":{"line":18,"column":16},"end":{"line":24,"column":1}},"2":{"start":{"line":26,"column":24},"end":{"line":48,"column":1}},"3":{"start":{"line":50,"column":0},"end":{"line":54,"column":2}}},"fnMap":{},"branchMap":{},"s":{"0":3,"1":3,"2":3,"3":3},"f":{},"b":{},"_coverageSchema":"1a1c01bbd47fc00a2c39e90264f33305004495a9","hash":"8630e0d5a4ed604a8a2d0842188427dda2bf6c99"}
,"/home/guilherme/Teste-vaga-back-end/Test-nodejs/tests/config/expectedReturns.js": {"path":"/home/guilherme/Teste-vaga-back-end/Test-nodejs/tests/config/expectedReturns.js","statementMap":{"0":{"start":{"line":1,"column":21},"end":{"line":5,"column":1}},"1":{"start":{"line":7,"column":26},"end":{"line":11,"column":1}},"2":{"start":{"line":13,"column":22},"end":{"line":17,"column":1}},"3":{"start":{"line":19,"column":23},"end":{"line":23,"column":1}},"4":{"start":{"line":25,"column":21},"end":{"line":29,"column":1}},"5":{"start":{"line":31,"column":16},"end":{"line":35,"column":1}},"6":{"start":{"line":37,"column":22},"end":{"line":41,"column":1}},"7":{"start":{"line":43,"column":22},"end":{"line":47,"column":1}},"8":{"start":{"line":49,"column":18},"end":{"line":53,"column":1}},"9":{"start":{"line":55,"column":21},"end":{"line":59,"column":1}},"10":{"start":{"line":61,"column":23},"end":{"line":65,"column":1}},"11":{"start":{"line":67,"column":23},"end":{"line":71,"column":1}},"12":{"start":{"line":73,"column":22},"end":{"line":77,"column":1}},"13":{"start":{"line":79,"column":19},"end":{"line":83,"column":1}},"14":{"start":{"line":86,"column":0},"end":{"line":101,"column":2}}},"fnMap":{},"branchMap":{},"s":{"0":3,"1":3,"2":3,"3":3,"4":3,"5":3,"6":3,"7":3,"8":3,"9":3,"10":3,"11":3,"12":3,"13":3,"14":3},"f":{},"b":{},"_coverageSchema":"1a1c01bbd47fc00a2c39e90264f33305004495a9","hash":"81c874f52bcfa2e22809b8e9bc6424ed8ae19c61"}
,"/home/guilherme/Teste-vaga-back-end/Test-nodejs/utilities/listStatusMessages.js": {"path":"/home/guilherme/Teste-vaga-back-end/Test-nodejs/utilities/listStatusMessages.js","statementMap":{"0":{"start":{"line":1,"column":21},"end":{"line":1,"column":24}},"1":{"start":{"line":2,"column":15},"end":{"line":2,"column":18}},"2":{"start":{"line":3,"column":16},"end":{"line":3,"column":19}},"3":{"start":{"line":4,"column":17},"end":{"line":4,"column":20}},"4":{"start":{"line":5,"column":17},"end":{"line":5,"column":20}},"5":{"start":{"line":6,"column":19},"end":{"line":6,"column":22}},"6":{"start":{"line":7,"column":21},"end":{"line":7,"column":24}},"7":{"start":{"line":8,"column":19},"end":{"line":8,"column":22}},"8":{"start":{"line":9,"column":18},"end":{"line":9,"column":21}},"9":{"start":{"line":10,"column":22},"end":{"line":10,"column":25}},"10":{"start":{"line":12,"column":23},"end":{"line":19,"column":1}},"11":{"start":{"line":20,"column":26},"end":{"line":27,"column":1}},"12":{"start":{"line":29,"column":24},"end":{"line":36,"column":1}},"13":{"start":{"line":38,"column":23},"end":{"line":45,"column":1}},"14":{"start":{"line":47,"column":18},"end":{"line":54,"column":2}},"15":{"start":{"line":47,"column":30},"end":{"line":54,"column":1}},"16":{"start":{"line":56,"column":21},"end":{"line":63,"column":2}},"17":{"start":{"line":56,"column":33},"end":{"line":63,"column":1}},"18":{"start":{"line":65,"column":21},"end":{"line":72,"column":1}},"19":{"start":{"line":74,"column":0},"end":{"line":85,"column":2}}},"fnMap":{"0":{"name":"(anonymous_0)","decl":{"start":{"line":47,"column":18},"end":{"line":47,"column":19}},"loc":{"start":{"line":47,"column":30},"end":{"line":54,"column":1}},"line":47},"1":{"name":"(anonymous_1)","decl":{"start":{"line":56,"column":21},"end":{"line":56,"column":22}},"loc":{"start":{"line":56,"column":33},"end":{"line":63,"column":1}},"line":56}},"branchMap":{},"s":{"0":3,"1":3,"2":3,"3":3,"4":3,"5":3,"6":3,"7":3,"8":3,"9":3,"10":3,"11":3,"12":3,"13":3,"14":3,"15":5,"16":3,"17":5,"18":3,"19":3},"f":{"0":5,"1":5},"b":{},"_coverageSchema":"1a1c01bbd47fc00a2c39e90264f33305004495a9","hash":"997d163788bfd3ab35d4245d1f9e8ccf68e18508"}
}
