TN:
SF:config/config.js
FNF:0
FNH:0
DA:1,3
DA:3,3
LF:2
LH:2
BRF:0
BRH:0
end_of_record
TN:
SF:controllers/userController.js
FN:4,(anonymous_0)
FN:10,(anonymous_1)
FN:25,(anonymous_2)
FN:42,(anonymous_3)
FN:58,(anonymous_4)
FN:75,(anonymous_5)
FN:93,(anonymous_6)
FN:111,(anonymous_7)
FN:128,(anonymous_8)
FNF:9
FNH:8
FNDA:5,(anonymous_0)
FNDA:2,(anonymous_1)
FNDA:3,(anonymous_2)
FNDA:3,(anonymous_3)
FNDA:3,(anonymous_4)
FNDA:0,(anonymous_5)
FNDA:3,(anonymous_6)
FNDA:3,(anonymous_7)
FNDA:2,(anonymous_8)
DA:1,1
DA:2,1
DA:4,1
DA:5,5
DA:6,5
DA:7,5
DA:10,1
DA:11,2
DA:12,2
DA:13,1
DA:14,1
DA:16,1
DA:17,1
DA:25,1
DA:26,3
DA:27,3
DA:28,3
DA:29,2
DA:30,1
DA:31,1
DA:33,1
DA:34,1
DA:42,1
DA:43,3
DA:44,3
DA:45,3
DA:46,2
DA:47,1
DA:49,2
DA:50,2
DA:58,1
DA:59,3
DA:60,3
DA:61,3
DA:62,2
DA:63,1
DA:64,1
DA:66,1
DA:67,1
DA:75,1
DA:76,0
DA:77,0
DA:78,0
DA:79,0
DA:80,0
DA:81,0
DA:82,0
DA:84,0
DA:85,0
DA:93,1
DA:94,3
DA:95,3
DA:96,3
DA:97,3
DA:98,2
DA:99,1
DA:100,1
DA:102,1
DA:103,1
DA:111,1
DA:112,3
DA:113,3
DA:114,3
DA:115,2
DA:116,1
DA:117,1
DA:119,1
DA:120,1
DA:128,1
DA:129,2
DA:130,2
DA:131,1
DA:132,1
DA:134,1
DA:135,1
DA:143,1
LF:76
LH:67
BRDA:29,0,0,1
BRDA:29,0,1,1
BRDA:46,1,0,1
BRDA:46,1,1,1
BRDA:62,2,0,1
BRDA:62,2,1,1
BRDA:80,3,0,0
BRDA:80,3,1,0
BRDA:98,4,0,1
BRDA:98,4,1,1
BRDA:115,5,0,1
BRDA:115,5,1,1
BRF:12
BRH:10
end_of_record
TN:
SF:middlewares/userMiddleware.js
FN:10,(anonymous_0)
FN:21,(anonymous_1)
FN:31,(anonymous_2)
FN:42,(anonymous_3)
FN:57,(anonymous_4)
FN:72,(anonymous_5)
FN:87,(anonymous_6)
FNF:7
FNH:7
FNDA:2,(anonymous_0)
FNDA:2,(anonymous_1)
FNDA:3,(anonymous_2)
FNDA:3,(anonymous_3)
FNDA:3,(anonymous_4)
FNDA:3,(anonymous_5)
FNDA:3,(anonymous_6)
DA:1,1
DA:8,1
DA:10,1
DA:11,2
DA:12,2
DA:13,2
DA:14,2
DA:15,1
DA:16,1
DA:18,1
DA:21,1
DA:22,2
DA:23,2
DA:24,2
DA:25,1
DA:26,1
DA:28,1
DA:31,1
DA:32,3
DA:33,3
DA:34,2
DA:35,2
DA:36,1
DA:37,1
DA:39,1
DA:42,1
DA:43,3
DA:44,3
DA:45,1
DA:46,1
DA:47,1
DA:49,2
DA:50,1
DA:51,1
DA:52,1
DA:54,1
DA:57,1
DA:58,3
DA:59,3
DA:60,1
DA:61,1
DA:62,1
DA:64,2
DA:65,1
DA:66,1
DA:67,1
DA:69,1
DA:72,1
DA:73,3
DA:74,3
DA:75,1
DA:76,1
DA:77,1
DA:79,2
DA:80,1
DA:81,1
DA:82,1
DA:84,1
DA:87,1
DA:88,3
DA:89,3
DA:90,1
DA:91,1
DA:92,1
DA:94,2
DA:95,1
DA:96,1
DA:97,1
DA:99,1
DA:102,1
LF:70
LH:70
BRDA:14,0,0,1
BRDA:14,0,1,1
BRDA:24,1,0,1
BRDA:24,1,1,1
BRDA:33,2,0,1
BRDA:33,2,1,2
BRDA:35,3,0,1
BRDA:35,3,1,1
BRDA:44,4,0,1
BRDA:44,4,1,2
BRDA:49,5,0,1
BRDA:49,5,1,1
BRDA:59,6,0,1
BRDA:59,6,1,2
BRDA:64,7,0,1
BRDA:64,7,1,1
BRDA:74,8,0,1
BRDA:74,8,1,2
BRDA:79,9,0,1
BRDA:79,9,1,1
BRDA:89,10,0,1
BRDA:89,10,1,2
BRDA:94,11,0,1
BRDA:94,11,1,1
BRF:24
BRH:24
end_of_record
TN:
SF:models/index.js
FN:19,(anonymous_0)
FN:20,(anonymous_1)
FN:25,(anonymous_2)
FNF:3
FNH:3
FNDA:6,(anonymous_0)
FNDA:3,(anonymous_1)
FNDA:3,(anonymous_2)
DA:1,3
DA:2,3
DA:3,3
DA:5,3
DA:6,3
DA:7,3
DA:8,3
DA:11,3
DA:12,0
DA:14,3
DA:17,3
DA:19,6
DA:21,3
DA:22,3
DA:25,3
DA:26,3
DA:27,0
DA:31,3
DA:32,3
DA:34,3
LF:20
LH:18
BRDA:6,0,0,3
BRDA:6,0,1,0
BRDA:11,1,0,0
BRDA:11,1,1,3
BRDA:19,2,0,6
BRDA:19,2,1,6
BRDA:19,2,2,3
BRDA:26,3,0,0
BRDA:26,3,1,3
BRF:9
BRH:6
end_of_record
TN:
SF:models/users.js
FN:1,(anonymous_0)
FNF:1
FNH:1
FNDA:3,(anonymous_0)
DA:1,3
DA:2,3
DA:9,3
LF:3
LH:3
BRF:0
BRH:0
end_of_record
TN:
SF:services/userService.js
FN:5,(anonymous_0)
FN:10,(anonymous_1)
FN:16,(anonymous_2)
FN:23,(anonymous_3)
FN:36,(anonymous_4)
FN:46,(anonymous_5)
FN:59,(anonymous_6)
FN:72,(anonymous_7)
FNF:8
FNH:8
FNDA:1,(anonymous_0)
FNDA:6,(anonymous_1)
FNDA:3,(anonymous_2)
FNDA:3,(anonymous_3)
FNDA:2,(anonymous_4)
FNDA:2,(anonymous_5)
FNDA:3,(anonymous_6)
FNDA:1,(anonymous_7)
DA:1,3
DA:2,3
DA:3,3
DA:5,3
DA:6,1
DA:7,1
DA:10,3
DA:11,6
DA:12,6
DA:13,4
DA:16,3
DA:17,3
DA:18,3
DA:19,2
DA:20,2
DA:23,3
DA:24,3
DA:27,3
DA:29,2
DA:36,3
DA:37,2
DA:41,2
DA:42,1
DA:43,1
DA:46,3
DA:47,2
DA:54,2
DA:55,1
DA:56,1
DA:59,3
DA:60,3
DA:68,3
DA:69,2
DA:72,3
DA:73,1
DA:74,1
DA:77,3
LF:37
LH:37
BRDA:12,0,0,2
BRDA:12,0,1,4
BRDA:18,1,0,1
BRDA:18,1,1,2
BRDA:27,2,0,1
BRDA:27,2,1,2
BRDA:41,3,0,1
BRDA:41,3,1,1
BRDA:54,4,0,1
BRDA:54,4,1,1
BRDA:68,5,0,1
BRDA:68,5,1,2
BRF:12
BRH:12
end_of_record
TN:
SF:tests/config/dataTest.js
FNF:0
FNH:0
DA:1,3
DA:18,3
DA:26,3
DA:50,3
LF:4
LH:4
BRF:0
BRH:0
end_of_record
TN:
SF:tests/config/expectedReturns.js
FNF:0
FNH:0
DA:1,3
DA:7,3
DA:13,3
DA:19,3
DA:25,3
DA:31,3
DA:37,3
DA:43,3
DA:49,3
DA:55,3
DA:61,3
DA:67,3
DA:73,3
DA:79,3
DA:86,3
LF:15
LH:15
BRF:0
BRH:0
end_of_record
TN:
SF:utilities/listStatusMessages.js
FN:47,(anonymous_0)
FN:56,(anonymous_1)
FNF:2
FNH:2
FNDA:5,(anonymous_0)
FNDA:5,(anonymous_1)
DA:1,3
DA:2,3
DA:3,3
DA:4,3
DA:5,3
DA:6,3
DA:7,3
DA:8,3
DA:9,3
DA:10,3
DA:12,3
DA:20,3
DA:29,3
DA:38,3
DA:47,5
DA:56,5
DA:65,3
DA:74,3
LF:18
LH:18
BRF:0
BRH:0
end_of_record
